cp: preserving permissions for ‘/local/scratch/sachs/74272/ecutrho/folder_5/gan.scf.cg.in’: Operation not supported
cp: preserving permissions for ‘/local/scratch/sachs/74272/ecutrho/folder_5/gan.scf.cg.out’: Operation not supported
cp: preserving permissions for ‘/local/scratch/sachs/74272/ecutrho/folder_5’: Operation not supported
cp: preserving permissions for ‘/local/scratch/sachs/74272/ecutrho/folder_4/gan.scf.cg.out’: Operation not supported
cp: preserving permissions for ‘/local/scratch/sachs/74272/ecutrho/folder_4/gan.scf.cg.in’: Operation not supported
cp: preserving permissions for ‘/local/scratch/sachs/74272/ecutrho/folder_4’: Operation not supported
cp: preserving permissions for ‘/local/scratch/sachs/74272/ecutrho/folder_1/gan.scf.cg.in’: Operation not supported
cp: preserving permissions for ‘/local/scratch/sachs/74272/ecutrho/folder_1/gan.scf.cg.out’: Operation not supported
cp: preserving permissions for ‘/local/scratch/sachs/74272/ecutrho/folder_1’: Operation not supported
cp: preserving permissions for ‘/local/scratch/sachs/74272/ecutrho/folder_6/gan.scf.cg.in’: Operation not supported
cp: preserving permissions for ‘/local/scratch/sachs/74272/ecutrho/folder_6/gan.scf.cg.out’: Operation not supported
cp: preserving permissions for ‘/local/scratch/sachs/74272/ecutrho/folder_6’: Operation not supported
cp: preserving permissions for ‘/local/scratch/sachs/74272/ecutrho/folder_8/gan.scf.cg.in’: Operation not supported
cp: preserving permissions for ‘/local/scratch/sachs/74272/ecutrho/folder_8/gan.scf.cg.out’: Operation not supported
cp: preserving permissions for ‘/local/scratch/sachs/74272/ecutrho/folder_8’: Operation not supported
cp: preserving permissions for ‘/local/scratch/sachs/74272/ecutrho/folder_2/gan.scf.cg.in’: Operation not supported
cp: preserving permissions for ‘/local/scratch/sachs/74272/ecutrho/folder_2/gan.scf.cg.out’: Operation not supported
cp: preserving permissions for ‘/local/scratch/sachs/74272/ecutrho/folder_2’: Operation not supported
cp: preserving permissions for ‘/local/scratch/sachs/74272/ecutrho/folder_7/gan.scf.cg.out’: Operation not supported
cp: preserving permissions for ‘/local/scratch/sachs/74272/ecutrho/folder_7/gan.scf.cg.in’: Operation not supported
cp: preserving permissions for ‘/local/scratch/sachs/74272/ecutrho/folder_7’: Operation not supported
cp: preserving permissions for ‘/local/scratch/sachs/74272/ecutrho/folder_10/gan.scf.cg.in’: Operation not supported
cp: preserving permissions for ‘/local/scratch/sachs/74272/ecutrho/folder_10/gan.scf.cg.out’: Operation not supported
cp: preserving permissions for ‘/local/scratch/sachs/74272/ecutrho/folder_10’: Operation not supported
cp: preserving permissions for ‘/local/scratch/sachs/74272/ecutrho/folder_3/gan.scf.cg.in’: Operation not supported
cp: preserving permissions for ‘/local/scratch/sachs/74272/ecutrho/folder_3/gan.scf.cg.out’: Operation not supported
cp: preserving permissions for ‘/local/scratch/sachs/74272/ecutrho/folder_3’: Operation not supported
cp: preserving permissions for ‘/local/scratch/sachs/74272/ecutrho/folder_9/gan.scf.cg.in’: Operation not supported
cp: preserving permissions for ‘/local/scratch/sachs/74272/ecutrho/folder_9/gan.scf.cg.out’: Operation not supported
cp: preserving permissions for ‘/local/scratch/sachs/74272/ecutrho/folder_9’: Operation not supported
cp: preserving permissions for ‘/local/scratch/sachs/74272/ecutrho’: Operation not supported
cp: preserving permissions for ‘/local/scratch/sachs/74272/ecutwfc/folder_9/gan.scf.cg.out’: Operation not supported
cp: preserving permissions for ‘/local/scratch/sachs/74272/ecutwfc/folder_9/gan.scf.cg.in’: Operation not supported
cp: preserving permissions for ‘/local/scratch/sachs/74272/ecutwfc/folder_9’: Operation not supported
cp: preserving permissions for ‘/local/scratch/sachs/74272/ecutwfc/folder_3/gan.scf.cg.in’: Operation not supported
cp: preserving permissions for ‘/local/scratch/sachs/74272/ecutwfc/folder_3/gan.scf.cg.out’: Operation not supported
cp: preserving permissions for ‘/local/scratch/sachs/74272/ecutwfc/folder_3’: Operation not supported
cp: preserving permissions for ‘/local/scratch/sachs/74272/ecutwfc/folder_10/gan.scf.cg.out’: Operation not supported
cp: preserving permissions for ‘/local/scratch/sachs/74272/ecutwfc/folder_10/gan.scf.cg.in’: Operation not supported
cp: preserving permissions for ‘/local/scratch/sachs/74272/ecutwfc/folder_10’: Operation not supported
cp: preserving permissions for ‘/local/scratch/sachs/74272/ecutwfc/folder_6/gan.scf.cg.out’: Operation not supported
cp: preserving permissions for ‘/local/scratch/sachs/74272/ecutwfc/folder_6/gan.scf.cg.in’: Operation not supported
cp: preserving permissions for ‘/local/scratch/sachs/74272/ecutwfc/folder_6’: Operation not supported
cp: preserving permissions for ‘/local/scratch/sachs/74272/ecutwfc/results.txt’: Operation not supported
cp: preserving permissions for ‘/local/scratch/sachs/74272/ecutwfc/folder_1/gan.scf.cg.out’: Operation not supported
cp: preserving permissions for ‘/local/scratch/sachs/74272/ecutwfc/folder_1/gan.scf.cg.in’: Operation not supported
cp: preserving permissions for ‘/local/scratch/sachs/74272/ecutwfc/folder_1’: Operation not supported
cp: preserving permissions for ‘/local/scratch/sachs/74272/ecutwfc/folder_5/gan.scf.cg.in’: Operation not supported
cp: preserving permissions for ‘/local/scratch/sachs/74272/ecutwfc/folder_5/gan.scf.cg.out’: Operation not supported
cp: preserving permissions for ‘/local/scratch/sachs/74272/ecutwfc/folder_5’: Operation not supported
cp: preserving permissions for ‘/local/scratch/sachs/74272/ecutwfc/folder_8/gan.scf.cg.in’: Operation not supported
cp: preserving permissions for ‘/local/scratch/sachs/74272/ecutwfc/folder_8/gan.scf.cg.out’: Operation not supported
cp: preserving permissions for ‘/local/scratch/sachs/74272/ecutwfc/folder_8’: Operation not supported
cp: preserving permissions for ‘/local/scratch/sachs/74272/ecutwfc/folder_2/gan.scf.cg.in’: Operation not supported
cp: preserving permissions for ‘/local/scratch/sachs/74272/ecutwfc/folder_2/gan.scf.cg.out’: Operation not supported
cp: preserving permissions for ‘/local/scratch/sachs/74272/ecutwfc/folder_2’: Operation not supported
cp: preserving permissions for ‘/local/scratch/sachs/74272/ecutwfc/folder_7/gan.scf.cg.in’: Operation not supported
cp: preserving permissions for ‘/local/scratch/sachs/74272/ecutwfc/folder_7/gan.scf.cg.out’: Operation not supported
cp: preserving permissions for ‘/local/scratch/sachs/74272/ecutwfc/folder_7’: Operation not supported
cp: preserving permissions for ‘/local/scratch/sachs/74272/ecutwfc/folder_4/gan.scf.cg.in’: Operation not supported
cp: preserving permissions for ‘/local/scratch/sachs/74272/ecutwfc/folder_4/gan.scf.cg.out’: Operation not supported
cp: preserving permissions for ‘/local/scratch/sachs/74272/ecutwfc/folder_4’: Operation not supported
cp: preserving permissions for ‘/local/scratch/sachs/74272/ecutwfc’: Operation not supported
cp: preserving permissions for ‘/local/scratch/sachs/74272/ecutwfctest/folder_2/gan.scf.cg.in’: Operation not supported
cp: preserving permissions for ‘/local/scratch/sachs/74272/ecutwfctest/folder_2/gan.scf.cg.out’: Operation not supported
cp: preserving permissions for ‘/local/scratch/sachs/74272/ecutwfctest/folder_2’: Operation not supported
cp: preserving permissions for ‘/local/scratch/sachs/74272/ecutwfctest/folder_3/gan.scf.cg.out’: Operation not supported
cp: preserving permissions for ‘/local/scratch/sachs/74272/ecutwfctest/folder_3/gan.scf.cg.in’: Operation not supported
cp: preserving permissions for ‘/local/scratch/sachs/74272/ecutwfctest/folder_3’: Operation not supported
cp: preserving permissions for ‘/local/scratch/sachs/74272/ecutwfctest/folder_4/gan.scf.cg.out’: Operation not supported
cp: preserving permissions for ‘/local/scratch/sachs/74272/ecutwfctest/folder_4/gan.scf.cg.in’: Operation not supported
cp: preserving permissions for ‘/local/scratch/sachs/74272/ecutwfctest/folder_4’: Operation not supported
cp: preserving permissions for ‘/local/scratch/sachs/74272/ecutwfctest/folder_1/gan.scf.cg.out’: Operation not supported
cp: preserving permissions for ‘/local/scratch/sachs/74272/ecutwfctest/folder_1/gan.scf.cg.in’: Operation not supported
cp: preserving permissions for ‘/local/scratch/sachs/74272/ecutwfctest/folder_1’: Operation not supported
cp: preserving permissions for ‘/local/scratch/sachs/74272/ecutwfctest/folder_5/gan.scf.cg.in’: Operation not supported
cp: preserving permissions for ‘/local/scratch/sachs/74272/ecutwfctest/folder_5/gan.scf.cg.out’: Operation not supported
cp: preserving permissions for ‘/local/scratch/sachs/74272/ecutwfctest/folder_5’: Operation not supported
cp: preserving permissions for ‘/local/scratch/sachs/74272/ecutwfctest’: Operation not supported
cp: preserving permissions for ‘/local/scratch/sachs/74272/gan.scf.cg.in’: Operation not supported
cp: preserving permissions for ‘/local/scratch/sachs/74272/JOBLOG’: Operation not supported
cp: preserving permissions for ‘/local/scratch/sachs/74272/qe-pw.job’: Operation not supported
