cp: preserving permissions for '/local/scratch/sachs/73566/JOBLOG': Operation not supported
cp: preserving permissions for '/local/scratch/sachs/73566/ecutrhoconvergence/folder_5/gaas.scf.cg.in': Operation not supported
cp: preserving permissions for '/local/scratch/sachs/73566/ecutrhoconvergence/folder_5/gaas.scf.cg.out': Operation not supported
cp: preserving permissions for '/local/scratch/sachs/73566/ecutrhoconvergence/folder_5': Operation not supported
cp: preserving permissions for '/local/scratch/sachs/73566/ecutrhoconvergence/folder_2/gaas.scf.cg.out': Operation not supported
cp: preserving permissions for '/local/scratch/sachs/73566/ecutrhoconvergence/folder_2/gaas.scf.cg.in': Operation not supported
cp: preserving permissions for '/local/scratch/sachs/73566/ecutrhoconvergence/folder_2': Operation not supported
cp: preserving permissions for '/local/scratch/sachs/73566/ecutrhoconvergence/folder_1/gaas.scf.cg.out': Operation not supported
cp: preserving permissions for '/local/scratch/sachs/73566/ecutrhoconvergence/folder_1/gaas.scf.cg.in': Operation not supported
cp: preserving permissions for '/local/scratch/sachs/73566/ecutrhoconvergence/folder_1': Operation not supported
cp: preserving permissions for '/local/scratch/sachs/73566/ecutrhoconvergence/folder_3/gaas.scf.cg.in': Operation not supported
cp: preserving permissions for '/local/scratch/sachs/73566/ecutrhoconvergence/folder_3/gaas.scf.cg.out': Operation not supported
cp: preserving permissions for '/local/scratch/sachs/73566/ecutrhoconvergence/folder_3': Operation not supported
cp: preserving permissions for '/local/scratch/sachs/73566/ecutrhoconvergence/folder_4/gaas.scf.cg.in': Operation not supported
cp: preserving permissions for '/local/scratch/sachs/73566/ecutrhoconvergence/folder_4/gaas.scf.cg.out': Operation not supported
cp: preserving permissions for '/local/scratch/sachs/73566/ecutrhoconvergence/folder_4': Operation not supported
cp: preserving permissions for '/local/scratch/sachs/73566/ecutrhoconvergence/results.txt': Operation not supported
cp: preserving permissions for '/local/scratch/sachs/73566/ecutrhoconvergence': Operation not supported
cp: preserving permissions for '/local/scratch/sachs/73566/ecutwfcconvergence/folder_1/gaas.scf.cg.out': Operation not supported
cp: preserving permissions for '/local/scratch/sachs/73566/ecutwfcconvergence/folder_1/gaas.scf.cg.in': Operation not supported
cp: preserving permissions for '/local/scratch/sachs/73566/ecutwfcconvergence/folder_1': Operation not supported
cp: preserving permissions for '/local/scratch/sachs/73566/ecutwfcconvergence/folder_6/gaas.scf.cg.out': Operation not supported
cp: preserving permissions for '/local/scratch/sachs/73566/ecutwfcconvergence/folder_6/gaas.scf.cg.in': Operation not supported
cp: preserving permissions for '/local/scratch/sachs/73566/ecutwfcconvergence/folder_6': Operation not supported
cp: preserving permissions for '/local/scratch/sachs/73566/ecutwfcconvergence/folder_4/gaas.scf.cg.out': Operation not supported
cp: preserving permissions for '/local/scratch/sachs/73566/ecutwfcconvergence/folder_4/gaas.scf.cg.in': Operation not supported
cp: preserving permissions for '/local/scratch/sachs/73566/ecutwfcconvergence/folder_4': Operation not supported
cp: preserving permissions for '/local/scratch/sachs/73566/ecutwfcconvergence/folder_9/gaas.scf.cg.out': Operation not supported
cp: preserving permissions for '/local/scratch/sachs/73566/ecutwfcconvergence/folder_9/gaas.scf.cg.in': Operation not supported
cp: preserving permissions for '/local/scratch/sachs/73566/ecutwfcconvergence/folder_9': Operation not supported
cp: preserving permissions for '/local/scratch/sachs/73566/ecutwfcconvergence/folder_2/gaas.scf.cg.out': Operation not supported
cp: preserving permissions for '/local/scratch/sachs/73566/ecutwfcconvergence/folder_2/gaas.scf.cg.in': Operation not supported
cp: preserving permissions for '/local/scratch/sachs/73566/ecutwfcconvergence/folder_2': Operation not supported
cp: preserving permissions for '/local/scratch/sachs/73566/ecutwfcconvergence/folder_10/gaas.scf.cg.out': Operation not supported
cp: preserving permissions for '/local/scratch/sachs/73566/ecutwfcconvergence/folder_10/gaas.scf.cg.in': Operation not supported
cp: preserving permissions for '/local/scratch/sachs/73566/ecutwfcconvergence/folder_10': Operation not supported
cp: preserving permissions for '/local/scratch/sachs/73566/ecutwfcconvergence/folder_3/gaas.scf.cg.in': Operation not supported
cp: preserving permissions for '/local/scratch/sachs/73566/ecutwfcconvergence/folder_3/gaas.scf.cg.out': Operation not supported
cp: preserving permissions for '/local/scratch/sachs/73566/ecutwfcconvergence/folder_3': Operation not supported
cp: preserving permissions for '/local/scratch/sachs/73566/ecutwfcconvergence/folder_7/gaas.scf.cg.in': Operation not supported
cp: preserving permissions for '/local/scratch/sachs/73566/ecutwfcconvergence/folder_7/gaas.scf.cg.out': Operation not supported
cp: preserving permissions for '/local/scratch/sachs/73566/ecutwfcconvergence/folder_7': Operation not supported
cp: preserving permissions for '/local/scratch/sachs/73566/ecutwfcconvergence/folder_8/gaas.scf.cg.in': Operation not supported
cp: preserving permissions for '/local/scratch/sachs/73566/ecutwfcconvergence/folder_8/gaas.scf.cg.out': Operation not supported
cp: preserving permissions for '/local/scratch/sachs/73566/ecutwfcconvergence/folder_8': Operation not supported
cp: preserving permissions for '/local/scratch/sachs/73566/ecutwfcconvergence/folder_5/gaas.scf.cg.in': Operation not supported
cp: preserving permissions for '/local/scratch/sachs/73566/ecutwfcconvergence/folder_5/gaas.scf.cg.out': Operation not supported
cp: preserving permissions for '/local/scratch/sachs/73566/ecutwfcconvergence/folder_5': Operation not supported
cp: preserving permissions for '/local/scratch/sachs/73566/ecutwfcconvergence/results.txt': Operation not supported
cp: preserving permissions for '/local/scratch/sachs/73566/ecutwfcconvergence': Operation not supported
cp: preserving permissions for '/local/scratch/sachs/73566/gaas.scf.cg.in': Operation not supported
cp: preserving permissions for '/local/scratch/sachs/73566/gaas.scf.cg.out': Operation not supported
cp: preserving permissions for '/local/scratch/sachs/73566/qe-pw.job': Operation not supported
cp: preserving permissions for '/local/scratch/sachs/73566/qe-pw_error.out': Operation not supported
cp: preserving permissions for '/local/scratch/sachs/73566/slurm-72879.out': Operation not supported
cp: preserving permissions for '/local/scratch/sachs/73566/slurm-73565.out': Operation not supported
